<?xml version="1.0" encoding="UTF-8"?>
<!-- Generated by org.testng.reporters.JUnitReportReporter -->
<testsuite hostname="Nirup-PC" failures="0" tests="1" name="test.LoginTest" time="10.970" errors="0" timestamp="06 Jun 2019 16:09:09 GMT" skipped="0">
  <testcase classname="test.LoginTest" name="logintest" time="10.970"/>
</testsuite> <!-- test.LoginTest -->
