<?xml version="1.0" encoding="UTF-8"?>
<!-- Generated by org.testng.reporters.JUnitReportReporter -->
<testsuite hostname="Nirup-PC" failures="0" tests="1" name="test.AddExpenseTest" time="23.382" errors="0" timestamp="05 Jun 2019 17:07:30 GMT" skipped="0">
  <testcase classname="test.AddExpenseTest" name="AddExpenseToVerifyExpensePosted" time="23.382"/>
</testsuite> <!-- test.AddExpenseTest -->
