<?xml version="1.0" encoding="UTF-8"?>
<!-- Generated by org.testng.reporters.JUnitReportReporter -->
<testsuite hostname="Nirup-PC" failures="0" tests="1" name="test.AddDepositTest" time="25.276" errors="0" timestamp="06 Jun 2019 17:13:27 GMT" skipped="0">
  <testcase classname="test.AddDepositTest" name="AddDepositToVerifyDepositPosted" time="25.276"/>
</testsuite> <!-- test.AddDepositTest -->
